TN:
SF:script/Counter.s.sol
FN:7,CounterScript.setUp
FNDA:0,CounterScript.setUp
FN:9,CounterScript.run
FNDA:0,CounterScript.run
DA:10,0
FNF:2
FNH:0
LF:1
LH:0
BRF:0
BRH:0
end_of_record
TN:
SF:src/Attacker.sol
FN:18,Attacker.attack
FNDA:1,Attacker.attack
DA:19,1
DA:23,1
DA:28,1
DA:30,1
BRDA:30,0,0,-
BRDA:30,0,1,1
FN:33,Attacker.
FNDA:11,Attacker.
DA:34,11
BRDA:34,1,0,-
BRDA:34,1,1,10
DA:36,10
FNF:2
FNH:2
LF:6
LH:6
BRF:4
BRH:2
end_of_record
TN:
SF:src/Bank.sol
FN:8,Bank.deposit
FNDA:1,Bank.deposit
DA:9,1
FN:12,Bank.withdraw
FNDA:11,Bank.withdraw
DA:13,11
DA:14,11
BRDA:14,0,0,-
BRDA:14,0,1,11
DA:16,11
DA:17,11
BRDA:17,1,0,-
BRDA:17,1,1,11
DA:19,11
FN:22,Bank.getBalance
FNDA:11,Bank.getBalance
DA:23,11
FNF:3
FNH:3
LF:7
LH:7
BRF:4
BRH:2
end_of_record
TN:
SF:src/Counter.sol
FN:23,Counter.increment
FNDA:3,Counter.increment
DA:24,2
DA:25,2
BRDA:25,0,0,1
BRDA:25,0,1,2
DA:26,1
DA:28,2
FNF:1
FNH:1
LF:4
LH:4
BRF:2
BRH:2
end_of_record
TN:
SF:src/CounterEjemplo.sol
FN:7,Counter.setNumber
FNDA:1,Counter.setNumber
DA:8,1
FN:11,Counter.increment
FNDA:1,Counter.increment
DA:12,1
FNF:2
FNH:2
LF:2
LH:2
BRF:0
BRH:0
end_of_record
